C:\Users\Manish.partey\source\repos\AngularStudy\AngularStudy\src\app\app.component.js
C:\Users\Manish.partey\source\repos\AngularStudy\AngularStudy\src\app\app.component.js.map
C:\Users\Manish.partey\source\repos\AngularStudy\AngularStudy\src\app\emp\emp-component.js
C:\Users\Manish.partey\source\repos\AngularStudy\AngularStudy\src\app\emp\emp-component.js.map
C:\Users\Manish.partey\source\repos\AngularStudy\AngularStudy\src\app\emp\employee.js
C:\Users\Manish.partey\source\repos\AngularStudy\AngularStudy\src\app\emp\employee.js.map
C:\Users\Manish.partey\source\repos\AngularStudy\AngularStudy\src\app\emp\employee-service.js
C:\Users\Manish.partey\source\repos\AngularStudy\AngularStudy\src\app\emp\employee-service.js.map
C:\Users\Manish.partey\source\repos\AngularStudy\AngularStudy\src\app\emp\emp-details-component.js
C:\Users\Manish.partey\source\repos\AngularStudy\AngularStudy\src\app\emp\emp-details-component.js.map
C:\Users\Manish.partey\source\repos\AngularStudy\AngularStudy\src\app\emp\emp-component-custom.js
C:\Users\Manish.partey\source\repos\AngularStudy\AngularStudy\src\app\emp\emp-component-custom.js.map
C:\Users\Manish.partey\source\repos\AngularStudy\AngularStudy\src\app\emp\empCount-component.js
C:\Users\Manish.partey\source\repos\AngularStudy\AngularStudy\src\app\emp\empCount-component.js.map
C:\Users\Manish.partey\source\repos\AngularStudy\AngularStudy\src\app\other\other-component.js
C:\Users\Manish.partey\source\repos\AngularStudy\AngularStudy\src\app\other\other-component.js.map
C:\Users\Manish.partey\source\repos\AngularStudy\AngularStudy\src\app\app.module.js
C:\Users\Manish.partey\source\repos\AngularStudy\AngularStudy\src\app\app.module.js.map
C:\Users\Manish.partey\source\repos\AngularStudy\AngularStudy\src\main.js
C:\Users\Manish.partey\source\repos\AngularStudy\AngularStudy\src\main.js.map
C:\Users\Manish.partey\source\repos\AngularStudy\AngularStudy\src\app\app.component.spec.js
C:\Users\Manish.partey\source\repos\AngularStudy\AngularStudy\src\app\app.component.spec.js.map
